<?xml version="1.0" encoding="UTF-8"?>
<!-- Generated by org.testng.reporters.JUnitReportReporter -->
<testsuite skipped="0" hostname="gopinath-PC" name="PNC.AppTest" tests="3" failures="0" timestamp="2019-02-20T09:29:04 IST" time="0.010" errors="0">
  <testcase name="testApp" time="0.000" classname="PNC.AppTest"/>
  <testcase name="AppTest" time="0.010" classname="PNC.AppTest"/>
  <testcase name="suite" time="0.000" classname="PNC.AppTest"/>
</testsuite> <!-- PNC.AppTest -->
